<?xml version="1.0" encoding="UTF-8"?>
<!-- Generated by org.testng.reporters.JUnitReportReporter -->
<testsuite hostname="DESKTOP-MD9R69H" failures="0" tests="2" name="SeleniumFramework.tests.ErrorValidations" time="19.534" errors="0" timestamp="2023-04-11T16:15:44 CEST" skipped="0">
  <testcase classname="SeleniumFramework.tests.ErrorValidations" name="ProductErrorValifation" time="9.439"/>
  <system-out/>
  <testcase classname="SeleniumFramework.tests.ErrorValidations" name="LoginErrorValidation" time="10.095"/>
  <system-out/>
</testsuite> <!-- SeleniumFramework.tests.ErrorValidations -->
