<?xml version="1.0" encoding="UTF-8"?>
<!-- Generated by org.testng.reporters.JUnitReportReporter -->
<testsuite hostname="DESKTOP-MD9R69H" failures="0" tests="2" name="SeleniumFramework.tests.SubmitOrderTest" time="52.893" errors="0" timestamp="2023-04-12T13:21:06 CEST" skipped="0">
  <testcase classname="SeleniumFramework.tests.SubmitOrderTest" name="SubmitOrder" time="18.820"/>
  <system-out/>
  <testcase classname="SeleniumFramework.tests.SubmitOrderTest" name="SubmitOrder" time="34.073"/>
  <system-out/>
</testsuite> <!-- SeleniumFramework.tests.SubmitOrderTest -->
