<?xml version="1.0" encoding="UTF-8"?>
<!-- Generated by org.testng.reporters.JUnitReportReporter -->
<testsuite hostname="DESKTOP-MD9R69H" failures="0" tests="1" name="SeleniumFramework.tests.ErrorValidations" time="8.769" errors="0" timestamp="2023-04-11T16:03:29 CEST" skipped="0">
  <testcase classname="SeleniumFramework.tests.ErrorValidations" name="submitOrder" time="8.769"/>
  <system-out/>
</testsuite> <!-- SeleniumFramework.tests.ErrorValidations -->
