<?xml version="1.0" encoding="UTF-8"?>
<!-- Generated by org.testng.reporters.JUnitReportReporter -->
<testsuite hostname="DESKTOP-MD9R69H" failures="0" tests="1" name="SeleniumFramework.tests.SubmitOrderTest" time="25.579" errors="0" timestamp="2023-04-11T13:01:53 CEST" skipped="0">
  <testcase classname="SeleniumFramework.tests.SubmitOrderTest" name="submitOrder" time="25.579"/>
  <system-out/>
</testsuite> <!-- SeleniumFramework.tests.SubmitOrderTest -->
