<?xml version="1.0" encoding="UTF-8"?>
<!-- Generated by org.testng.reporters.JUnitReportReporter -->
<testsuite hostname="DESKTOP-MD9R69H" failures="0" tests="2" name="SeleniumFramework.tests.SubmitOrderTest" time="33.859" errors="0" timestamp="2023-04-11T17:59:16 CEST" skipped="0">
  <testcase classname="SeleniumFramework.tests.SubmitOrderTest" name="SubmitOrder" time="25.884"/>
  <system-out/>
  <testcase classname="SeleniumFramework.tests.SubmitOrderTest" name="OrderHistoryTest" time="7.975"/>
  <system-out/>
</testsuite> <!-- SeleniumFramework.tests.SubmitOrderTest -->
