<?xml version="1.0" encoding="UTF-8"?>
<!-- Generated by org.testng.reporters.JUnitReportReporter -->
<testsuite hostname="DESKTOP-MD9R69H" failures="0" tests="1" name="cucumber.TestNGTestRunner" time="10.972" errors="0" timestamp="2023-05-22T17:07:03 CEST" skipped="0">
  <testcase classname="cucumber.TestNGTestRunner" name="runScenario" time="10.972"/>
  <system-out/>
</testsuite> <!-- cucumber.TestNGTestRunner -->
