<?xml version="1.0" encoding="UTF-8"?>
<!-- Generated by org.testng.reporters.JUnitReportReporter -->
<testsuite hostname="DESKTOP-MD9R69H" failures="0" tests="1" name="SeleniumFramework.tests.ErrorValidationsTest" time="7.184" errors="0" timestamp="2023-04-21T16:44:08 CEST" skipped="0">
  <testcase classname="SeleniumFramework.tests.ErrorValidationsTest" name="LoginErrorValidation" time="7.184"/>
  <system-out/>
</testsuite> <!-- SeleniumFramework.tests.ErrorValidationsTest -->
