<?xml version="1.0" encoding="UTF-8"?>
<!-- Generated by org.testng.reporters.JUnitReportReporter -->
<testsuite hostname="DESKTOP-MD9R69H" failures="0" tests="3" name="SeleniumFramework.tests.SubmitOrderTest" time="26.192" errors="0" timestamp="2023-04-21T14:03:45 CEST" skipped="0">
  <testcase classname="SeleniumFramework.tests.SubmitOrderTest" name="SubmitOrder" time="12.620"/>
  <system-out/>
  <testcase classname="SeleniumFramework.tests.SubmitOrderTest" name="OrderHistoryTest" time="5.010"/>
  <system-out/>
  <testcase classname="SeleniumFramework.tests.SubmitOrderTest" name="SubmitOrder" time="8.562"/>
  <system-out/>
</testsuite> <!-- SeleniumFramework.tests.SubmitOrderTest -->
