<?xml version="1.0" encoding="UTF-8"?>
<!-- Generated by org.testng.reporters.JUnitReportReporter -->
<testsuite hostname="DESKTOP-MD9R69H" failures="0" tests="2" name="SeleniumFramework.tests.ErrorValidationsTest" time="38.367" errors="0" timestamp="2023-04-21T14:03:45 CEST" skipped="0">
  <testcase classname="SeleniumFramework.tests.ErrorValidationsTest" name="ProductErrorValifation" time="33.076"/>
  <system-out/>
  <testcase classname="SeleniumFramework.tests.ErrorValidationsTest" name="LoginErrorValidation" time="5.291"/>
  <system-out/>
</testsuite> <!-- SeleniumFramework.tests.ErrorValidationsTest -->
